[INFO] Scanning for projects...
[INFO] 
[INFO] ------------------< com.otmane:annotation-des-textes >------------------
[INFO] Building annotation-des-textes 0.0.1-SNAPSHOT
[INFO]   from pom.xml
[INFO] --------------------------------[ jar ]---------------------------------
[INFO] 
[INFO] >>> spring-boot:3.2.3:run (default-cli) > test-compile @ annotation-des-textes >>>
[INFO] 
[INFO] --- resources:3.3.1:resources (default-resources) @ annotation-des-textes ---
[INFO] Copying 1 resource from src\main\resources to target\classes
[INFO] Copying 43 resources from src\main\resources to target\classes
[INFO] 
[INFO] --- compiler:3.11.0:compile (default-compile) @ annotation-des-textes ---
[INFO] Changes detected - recompiling the module! :source
[INFO] Compiling 70 source files with javac [debug release 21] to target\classes
[INFO] ------------------------------------------------------------------------
[INFO] BUILD FAILURE
[INFO] ------------------------------------------------------------------------
[INFO] Total time:  1.489 s
[INFO] Finished at: 2025-06-01T23:03:37+01:00
[INFO] ------------------------------------------------------------------------
[ERROR] Failed to execute goal org.apache.maven.plugins:maven-compiler-plugin:3.11.0:compile (default-compile) on project annotation-des-textes: Fatal error compiling: invalid flag: --release -> [Help 1]
[ERROR] 
[ERROR] To see the full stack trace of the errors, re-run Maven with the -e switch.
[ERROR] Re-run Maven using the -X switch to enable full debug logging.
[ERROR] 
[ERROR] For more information about the errors and possible solutions, please read the following articles:
[ERROR] [Help 1] http://cwiki.apache.org/confluence/display/MAVEN/MojoExecutionException

D:\telechargement\annotation-des-textes\annotation-des-textes>

D:\telechargement\annotation-des-textes\annotation-des-textes>'o' n'est pas reconnu en tant que commande interne
ou externe, un programme ex‚cutable ou un fichier de commandes.

D:\telechargement\annotation-des-textes\annotation-des-textes>